<?xml version="1.0" encoding="UTF-8" ?>
<testsuite errors="0" failures="0" hostname="login1" name="core.phase_2" tests="8" time="1.87249" timestamp="2017-09-18T08:22:33+00:00">
  <properties>
    <property name="os.arch" value="x86_64" />
    <property name="os.name" value="Linux" />
    <property name="os.version" value="4.4.59-92.20-default" />
    <property name="user.home" value="/home/bsc15/bsc15982" />
    <property name="user.name" value="bsc15982" />
  </properties>
  <testcase classname="core.selftests" name="test_pass_or_die.sli" time="0.237821" />
  <testcase classname="core.selftests" name="test_assert_or_die_b.sli" time="0.243596" />
  <testcase classname="core.selftests" name="test_assert_or_die_p.sli" time="0.24734" />
  <testcase classname="core.selftests" name="test_fail_or_die.sli" time="0.226771" />
  <testcase classname="core.selftests" name="test_crash_or_die.sli" time="0.237148" />
  <testcase classname="core.selftests" name="test_failbutnocrash_or_die_crash.sli" time="0.228289" />
  <testcase classname="core.selftests" name="test_failbutnocrash_or_die_pass.sli" time="0.229967" />
  <testcase classname="core.selftests" name="test_passorfailbutnocrash_or_die.sli" time="0.221548" />
  <system-out><![CDATA[]]></system-out>
  <system-err><![CDATA[]]></system-err>
</testsuite>
